c:\users\roman\source\repos\helloworld\hellow\debug\calcdll.lib
c:\users\roman\source\repos\helloworld\hellow\debug\calcdll.exp
c:\users\roman\source\repos\helloworld\hellow\calcdll\debug\calcdll.pch
c:\users\roman\source\repos\helloworld\hellow\calcdll\debug\vc142.pdb
c:\users\roman\source\repos\helloworld\hellow\calcdll\debug\vc142.idb
c:\users\roman\source\repos\helloworld\hellow\calcdll\debug\pch.obj
c:\users\roman\source\repos\helloworld\hellow\calcdll\debug\calc.obj
c:\users\roman\source\repos\helloworld\hellow\calcdll\debug\dllmain.obj
c:\users\roman\source\repos\helloworld\hellow\debug\calcdll.dll
c:\users\roman\source\repos\helloworld\hellow\calcdll\debug\calcdll.ilk
c:\users\roman\source\repos\helloworld\hellow\debug\calcdll.map
c:\users\roman\source\repos\helloworld\hellow\debug\calcdll.pdb
c:\users\roman\source\repos\helloworld\hellow\calcdll\debug\calcdll.tlog\calcdll.write.1u.tlog
c:\users\roman\source\repos\helloworld\hellow\calcdll\debug\calcdll.tlog\cl.command.1.tlog
c:\users\roman\source\repos\helloworld\hellow\calcdll\debug\calcdll.tlog\cl.read.1.tlog
c:\users\roman\source\repos\helloworld\hellow\calcdll\debug\calcdll.tlog\cl.write.1.tlog
c:\users\roman\source\repos\helloworld\hellow\calcdll\debug\calcdll.tlog\link.15640.delete.1.tlog
c:\users\roman\source\repos\helloworld\hellow\calcdll\debug\calcdll.tlog\link.20052.delete.1.tlog
c:\users\roman\source\repos\helloworld\hellow\calcdll\debug\calcdll.tlog\link.command.1.tlog
c:\users\roman\source\repos\helloworld\hellow\calcdll\debug\calcdll.tlog\link.read.1.tlog
c:\users\roman\source\repos\helloworld\hellow\calcdll\debug\calcdll.tlog\link.write.1.tlog
